
Showing logs for build [32mcb-kubecd-environment-pr-488-36-nx82x-1[0m stage [32mfrom-build-pack[0m and container [32mstep-credential-initializer-7n2pj[0m
{"level":"info","ts":1587412839.1901484,"logger":"fallback-logger","caller":"logging/config.go:69","msg":"Fetch GitHub commit ID from kodata failed: open /var/run/ko/refs/heads/0.8.0-ns-support: no such file or directory"}
{"level":"info","ts":1587412839.192696,"logger":"fallback-logger","caller":"creds-init/main.go:40","msg":"Credentials initialized."}

Showing logs for build [32mcb-kubecd-environment-pr-488-36-nx82x-1[0m stage [32mfrom-build-pack[0m and container [32mstep-working-dir-initializer-bscsg[0m
{"level":"info","ts":1587412840.1872647,"logger":"fallback-logger","caller":"logging/config.go:69","msg":"Fetch GitHub commit ID from kodata failed: open /var/run/ko/HEAD: no such file or directory"}
{"level":"info","ts":1587412840.188754,"logger":"fallback-logger","caller":"bash/main.go:64","msg":"Successfully executed command \"sh -c mkdir -p /workspace/source\"; output "}

Showing logs for build [32mcb-kubecd-environment-pr-488-36-nx82x-1[0m stage [32mfrom-build-pack[0m and container [32mstep-place-tools[0m

Showing logs for build [32mcb-kubecd-environment-pr-488-36-nx82x-1[0m stage [32mfrom-build-pack[0m and container [32mstep-git-source-cb-kubecd-environment-pr-488-36-nx82x-m4jdr[0m
{"level":"info","ts":1587412845.4873567,"logger":"fallback-logger","caller":"logging/config.go:69","msg":"Fetch GitHub commit ID from kodata failed: open /var/run/ko/refs/heads/0.8.0-ns-support: no such file or directory"}
{"level":"info","ts":1587412846.6064882,"logger":"fallback-logger","caller":"git/git.go:103","msg":"Successfully cloned https://github.com/cb-kubecd/environment-pr-488-36-bdd-frontend-staging.git @ master in path /workspace/source"}

Showing logs for build [32mcb-kubecd-environment-pr-488-36-nx82x-1[0m stage [32mfrom-build-pack[0m and container [32mstep-git-merge[0m
Using SHAs from PULL_REFS=master:24f36e7f49cb00697e87463a8ca682ab1d58d6fb,1:85588a2812ee7758a214e3b6f75e565252436cac
DEBUG: JX_LOG_LEVEL=error LC_ALL=C git fetch origin --unshallow 85588a2812ee7758a214e3b6f75e565252436cac: 24f36e7f49cb00697e87463a8ca682ab1d58d6fb:
DEBUG: ran git fetch --unshallow origin 85588a2812ee7758a214e3b6f75e565252436cac: 24f36e7f49cb00697e87463a8ca682ab1d58d6fb: in 
DEBUG: LC_ALL=C JX_LOG_LEVEL=error git branch
DEBUG: LC_ALL=C JX_LOG_LEVEL=error git checkout master
DEBUG: ran git checkout master in 
DEBUG: LC_ALL=C JX_LOG_LEVEL=error git reset --hard 24f36e7f49cb00697e87463a8ca682ab1d58d6fb
DEBUG: ran git reset --hard 24f36e7f49cb00697e87463a8ca682ab1d58d6fb in 
DEBUG: LC_ALL=C JX_LOG_LEVEL=error git clean -fd .
DEBUG: ran clean --force -d . in 
DEBUG: LC_ALL=C JX_LOG_LEVEL=error git merge 85588a2812ee7758a214e3b6f75e565252436cac
DEBUG: ran git merge 85588a2812ee7758a214e3b6f75e565252436cac in 
DEBUG: LC_ALL=C JX_LOG_LEVEL=error git log --format=%H%x1f%an%x1f%ae%x1f%cn%x1f%ce%x1f%s%n%b%x1e 24f36e7f49cb00697e87463a8ca682ab1d58d6fb..HEAD
Merged SHA 85588a2812ee7758a214e3b6f75e565252436cac with commit message 'chore: Promote bdd-nh-1587411847 to version 0.0.1' into base branch master

Showing logs for build [32mcb-kubecd-environment-pr-488-36-nx82x-1[0m stage [32mfrom-build-pack[0m and container [32mstep-build-helm-build[0m
WARNING: No $CHART_REPOSITORY defined so using the default value of: http://jenkins-x-chartmuseum:8080
Adding missing Helm repo: storage.googleapis.com https://storage.googleapis.com/chartmuseum.jenkins-x.io
WARNING: No secrets found on "helm/repos" due: reading the secret "helm/repos" from vault: no secret "helm/repos" not found in vault
Read credentials for https://storage.googleapis.com/chartmuseum.jenkins-x.io from vault helm/repos
Successfully added Helm repository storage.googleapis.com.
Adding missing Helm repo: jenkins-x-chartmuseum http://jenkins-x-chartmuseum:8080
WARNING: No secrets found on "helm/repos" due: reading the secret "helm/repos" from vault: no secret "helm/repos" not found in vault
Read credentials for http://jenkins-x-chartmuseum:8080 from vault helm/repos
Successfully added Helm repository jenkins-x-chartmuseum.
WARNING: No $CHART_REPOSITORY defined so using the default value of: http://jenkins-x-chartmuseum:8080
Adding missing Helm repo: chartmuseum.jenkins-x.io http://chartmuseum.jenkins-x.io
WARNING: No secrets found on "helm/repos" due: reading the secret "helm/repos" from vault: no secret "helm/repos" not found in vault
Read credentials for http://chartmuseum.jenkins-x.io from vault helm/repos
Successfully added Helm repository chartmuseum.jenkins-x.io.
